ERROR - 2023-05-11 00:14:32 --> Error connecting to the database: mysqli_sql_exception: No connection could be made because the target machine actively refused it in C:\xampp2\htdocs\PJBL2023\api_pjbl\system\Database\MySQLi\Connection.php:174
Stack trace:
#0 C:\xampp2\htdocs\PJBL2023\api_pjbl\system\Database\MySQLi\Connection.php(174): mysqli->real_connect('localhost', 'root', '', 'pjbl2023', 3306, '', 0)
#1 C:\xampp2\htdocs\PJBL2023\api_pjbl\system\Database\BaseConnection.php(391): CodeIgniter\Database\MySQLi\Connection->connect(false)
#2 C:\xampp2\htdocs\PJBL2023\api_pjbl\system\Database\BaseConnection.php(573): CodeIgniter\Database\BaseConnection->initialize()
#3 C:\xampp2\htdocs\PJBL2023\api_pjbl\system\Database\BaseBuilder.php(1616): CodeIgniter\Database\BaseConnection->query('SELECT *\nFROM `...', Array, false)
#4 C:\xampp2\htdocs\PJBL2023\api_pjbl\system\Model.php(241): CodeIgniter\Database\BaseBuilder->get()
#5 C:\xampp2\htdocs\PJBL2023\api_pjbl\system\BaseModel.php(618): CodeIgniter\Model->doFindAll(0, 0)
#6 C:\xampp2\htdocs\PJBL2023\api_pjbl\app\Controllers\data_guru.php(19): CodeIgniter\BaseModel->findAll()
#7 C:\xampp2\htdocs\PJBL2023\api_pjbl\system\CodeIgniter.php(934): App\Controllers\data_guru->index()
#8 C:\xampp2\htdocs\PJBL2023\api_pjbl\system\CodeIgniter.php(499): CodeIgniter\CodeIgniter->runController(Object(App\Controllers\data_guru))
#9 C:\xampp2\htdocs\PJBL2023\api_pjbl\system\CodeIgniter.php(368): CodeIgniter\CodeIgniter->handleRequest(NULL, Object(Config\Cache), false)
#10 C:\xampp2\htdocs\PJBL2023\api_pjbl\public\index.php(67): CodeIgniter\CodeIgniter->run()
#11 {main}

Next CodeIgniter\Database\Exceptions\DatabaseException: No connection could be made because the target machine actively refused it in C:\xampp2\htdocs\PJBL2023\api_pjbl\system\Database\MySQLi\Connection.php:218
Stack trace:
#0 C:\xampp2\htdocs\PJBL2023\api_pjbl\system\Database\BaseConnection.php(391): CodeIgniter\Database\MySQLi\Connection->connect(false)
#1 C:\xampp2\htdocs\PJBL2023\api_pjbl\system\Database\BaseConnection.php(573): CodeIgniter\Database\BaseConnection->initialize()
#2 C:\xampp2\htdocs\PJBL2023\api_pjbl\system\Database\BaseBuilder.php(1616): CodeIgniter\Database\BaseConnection->query('SELECT *\nFROM `...', Array, false)
#3 C:\xampp2\htdocs\PJBL2023\api_pjbl\system\Model.php(241): CodeIgniter\Database\BaseBuilder->get()
#4 C:\xampp2\htdocs\PJBL2023\api_pjbl\system\BaseModel.php(618): CodeIgniter\Model->doFindAll(0, 0)
#5 C:\xampp2\htdocs\PJBL2023\api_pjbl\app\Controllers\data_guru.php(19): CodeIgniter\BaseModel->findAll()
#6 C:\xampp2\htdocs\PJBL2023\api_pjbl\system\CodeIgniter.php(934): App\Controllers\data_guru->index()
#7 C:\xampp2\htdocs\PJBL2023\api_pjbl\system\CodeIgniter.php(499): CodeIgniter\CodeIgniter->runController(Object(App\Controllers\data_guru))
#8 C:\xampp2\htdocs\PJBL2023\api_pjbl\system\CodeIgniter.php(368): CodeIgniter\CodeIgniter->handleRequest(NULL, Object(Config\Cache), false)
#9 C:\xampp2\htdocs\PJBL2023\api_pjbl\public\index.php(67): CodeIgniter\CodeIgniter->run()
#10 {main}
CRITICAL - 2023-05-11 00:14:32 --> Unable to connect to the database.
Main connection [MySQLi]: No connection could be made because the target machine actively refused it
in SYSTEMPATH\Database\BaseConnection.php on line 427.
 1 SYSTEMPATH\Database\BaseConnection.php(573): CodeIgniter\Database\BaseConnection->initialize()
 2 SYSTEMPATH\Database\BaseBuilder.php(1616): CodeIgniter\Database\BaseConnection->query('SELECT *
FROM `data_guru`', [], false)
 3 SYSTEMPATH\Model.php(241): CodeIgniter\Database\BaseBuilder->get()
 4 SYSTEMPATH\BaseModel.php(618): CodeIgniter\Model->doFindAll(0, 0)
 5 APPPATH\Controllers\data_guru.php(19): CodeIgniter\BaseModel->findAll()
 6 SYSTEMPATH\CodeIgniter.php(934): App\Controllers\data_guru->index()
 7 SYSTEMPATH\CodeIgniter.php(499): CodeIgniter\CodeIgniter->runController(Object(App\Controllers\data_guru))
 8 SYSTEMPATH\CodeIgniter.php(368): CodeIgniter\CodeIgniter->handleRequest(null, Object(Config\Cache), false)
 9 FCPATH\index.php(67): CodeIgniter\CodeIgniter->run()
